This is e-pTeX, Version 3.1415926-p3.4-110825-2.6 (utf8.euc) (TeX Live 2013/Debian) (format=platex 2014.8.8)  22 MAR 2016 15:52
entering extended mode
 restricted \write18 enabled.
 %&-line parsing enabled.
**\input main.tex
(./main.tex (/usr/share/texlive/texmf-dist/tex/latex/base/book.cls
Document Class: book 2007/10/19 v1.4h Standard LaTeX document class
(/usr/share/texlive/texmf-dist/tex/latex/base/bk12.clo
File: bk12.clo 2007/10/19 v1.4h Standard LaTeX file (size option)
)
\c@part=\count81
\c@chapter=\count82
\c@section=\count83
\c@subsection=\count84
\c@subsubsection=\count85
\c@paragraph=\count86
\c@subparagraph=\count87
\c@figure=\count88
\c@table=\count89
\abovecaptionskip=\skip41
\belowcaptionskip=\skip42
\bibindent=\dimen118
) (./thesis.sty)
(/usr/share/texlive/texmf-dist/tex/latex/graphics/graphicx.sty
Package: graphicx 1999/02/16 v1.0f Enhanced LaTeX Graphics (DPC,SPQR)

(/usr/share/texlive/texmf-dist/tex/latex/graphics/keyval.sty
Package: keyval 1999/03/16 v1.13 key=value parser (DPC)
\KV@toks@=\toks15
)
(/usr/share/texlive/texmf-dist/tex/latex/graphics/graphics.sty
Package: graphics 2009/02/05 v1.0o Standard LaTeX Graphics (DPC,SPQR)

(/usr/share/texlive/texmf-dist/tex/latex/graphics/trig.sty
Package: trig 1999/03/16 v1.09 sin cos tan (DPC)
)
(/usr/share/texlive/texmf-dist/tex/latex/latexconfig/graphics.cfg
File: graphics.cfg 2010/04/23 v1.9 graphics configuration of TeX Live
)
Package graphics Info: Driver file: dvipdfmx.def on input line 91.

(/usr/share/texlive/texmf-dist/tex/latex/dvipdfmx-def/dvipdfmx.def
File: dvipdfmx.def 2014/01/23 v3.4 LaTeX graphics driver for dvipdfmx (TeX Live
/ChoF)
))
\Gin@req@height=\dimen119
\Gin@req@width=\dimen120
)
(/usr/share/texlive/texmf-dist/tex/latex/amsmath/amsmath.sty
Package: amsmath 2013/01/14 v2.14 AMS math features
\@mathmargin=\skip43

For additional information on amsmath, use the `?' option.
(/usr/share/texlive/texmf-dist/tex/latex/amsmath/amstext.sty
Package: amstext 2000/06/29 v2.01

(/usr/share/texlive/texmf-dist/tex/latex/amsmath/amsgen.sty
File: amsgen.sty 1999/11/30 v2.0
\@emptytoks=\toks16
\ex@=\dimen121
))
(/usr/share/texlive/texmf-dist/tex/latex/amsmath/amsbsy.sty
Package: amsbsy 1999/11/29 v1.2d
\pmbraise@=\dimen122
)
(/usr/share/texlive/texmf-dist/tex/latex/amsmath/amsopn.sty
Package: amsopn 1999/12/14 v2.01 operator names
)
\inf@bad=\count90
LaTeX Info: Redefining \frac on input line 210.
\uproot@=\count91
\leftroot@=\count92
LaTeX Info: Redefining \overline on input line 306.
\classnum@=\count93
\DOTSCASE@=\count94
LaTeX Info: Redefining \ldots on input line 378.
LaTeX Info: Redefining \dots on input line 381.
LaTeX Info: Redefining \cdots on input line 466.
\Mathstrutbox@=\box41
\strutbox@=\box42
\big@size=\dimen123
LaTeX Font Info:    Redeclaring font encoding OML on input line 566.
LaTeX Font Info:    Redeclaring font encoding OMS on input line 567.
\macc@depth=\count95
\c@MaxMatrixCols=\count96
\dotsspace@=\muskip10
\c@parentequation=\count97
\dspbrk@lvl=\count98
\tag@help=\toks17
\row@=\count99
\column@=\count100
\maxfields@=\count101
\andhelp@=\toks18
\eqnshift@=\dimen124
\alignsep@=\dimen125
\tagshift@=\dimen126
\tagwidth@=\dimen127
\totwidth@=\dimen128
\lineht@=\dimen129
\@envbody=\toks19
\multlinegap=\skip44
\multlinetaggap=\skip45
\mathdisplay@stack=\toks20
LaTeX Info: Redefining \[ on input line 2665.
LaTeX Info: Redefining \] on input line 2666.
)
(/usr/share/texlive/texmf-dist/tex/latex/amsfonts/amssymb.sty
Package: amssymb 2013/01/14 v3.01 AMS font symbols

(/usr/share/texlive/texmf-dist/tex/latex/amsfonts/amsfonts.sty
Package: amsfonts 2013/01/14 v3.01 Basic AMSFonts support
\symAMSa=\mathgroup4
\symAMSb=\mathgroup5
LaTeX Font Info:    Overwriting math alphabet `\mathfrak' in version `bold'
(Font)                  U/euf/m/n --> U/euf/b/n on input line 106.
))
(/usr/share/texlive/texmf-dist/tex/latex/tools/bm.sty
Package: bm 2004/02/26 v1.1c Bold Symbol Support (DPC/FMi)
\symboldoperators=\mathgroup6
\symboldletters=\mathgroup7
\symboldsymbols=\mathgroup8
LaTeX Font Info:    Redeclaring math alphabet \mathbf on input line 138.
LaTeX Info: Redefining \bm on input line 204.
)
(/usr/share/texlive/texmf-dist/tex/latex/cite/cite.sty
LaTeX Info: Redefining \cite on input line 302.
LaTeX Info: Redefining \nocite on input line 373.
Package: cite 2010/09/10  v 5.3
)
(/usr/share/texlive/texmf-dist/tex/latex/hyperref/hyperref.sty
Package: hyperref 2012/11/06 v6.83m Hypertext links for LaTeX

(/usr/share/texlive/texmf-dist/tex/generic/oberdiek/hobsub-hyperref.sty
Package: hobsub-hyperref 2012/05/28 v1.13 Bundle oberdiek, subset hyperref (HO)


(/usr/share/texlive/texmf-dist/tex/generic/oberdiek/hobsub-generic.sty
Package: hobsub-generic 2012/05/28 v1.13 Bundle oberdiek, subset generic (HO)
Package: hobsub 2012/05/28 v1.13 Construct package bundles (HO)
Package: infwarerr 2010/04/08 v1.3 Providing info/warning/error messages (HO)
Package: ltxcmds 2011/11/09 v1.22 LaTeX kernel commands for general use (HO)
Package: ifluatex 2010/03/01 v1.3 Provides the ifluatex switch (HO)
Package ifluatex Info: LuaTeX not detected.
Package: ifvtex 2010/03/01 v1.5 Detect VTeX and its facilities (HO)
Package ifvtex Info: VTeX not detected.
Package: intcalc 2007/09/27 v1.1 Expandable calculations with integers (HO)
Package: ifpdf 2011/01/30 v2.3 Provides the ifpdf switch (HO)
Package ifpdf Info: pdfTeX in PDF mode is not detected.
Package: etexcmds 2011/02/16 v1.5 Avoid name clashes with e-TeX commands (HO)
Package etexcmds Info: Could not find \expanded.
(etexcmds)             That can mean that you are not using pdfTeX 1.50 or
(etexcmds)             that some package has redefined \expanded.
(etexcmds)             In the latter case, load this package earlier.
Package: kvsetkeys 2012/04/25 v1.16 Key value parser (HO)
Package: kvdefinekeys 2011/04/07 v1.3 Define keys (HO)
Package: pdftexcmds 2011/11/29 v0.20 Utility functions of pdfTeX for LuaTeX (HO
)
Package pdftexcmds Info: LuaTeX not detected.
Package pdftexcmds Info: pdfTeX >= 1.30 not detected.
Package pdftexcmds Info: \pdf@primitive is not available.
Package pdftexcmds Info: \pdf@ifprimitive is not available.
Package pdftexcmds Info: \pdfdraftmode not found.
Package: pdfescape 2011/11/25 v1.13 Implements pdfTeX's escape features (HO)
Package: bigintcalc 2012/04/08 v1.3 Expandable calculations on big integers (HO
)
Package: bitset 2011/01/30 v1.1 Handle bit-vector datatype (HO)
Package: uniquecounter 2011/01/30 v1.2 Provide unlimited unique counter (HO)
)
Package hobsub Info: Skipping package `hobsub' (already loaded).
Package: letltxmacro 2010/09/02 v1.4 Let assignment for LaTeX macros (HO)
Package: hopatch 2012/05/28 v1.2 Wrapper for package hooks (HO)
Package: xcolor-patch 2011/01/30 xcolor patch
Package: atveryend 2011/06/30 v1.8 Hooks at the very end of document (HO)
Package atveryend Info: \enddocument detected (standard20110627).
Package: atbegshi 2011/10/05 v1.16 At begin shipout hook (HO)
Package: refcount 2011/10/16 v3.4 Data extraction from label references (HO)
Package: hycolor 2011/01/30 v1.7 Color options for hyperref/bookmark (HO)
)
(/usr/share/texlive/texmf-dist/tex/generic/ifxetex/ifxetex.sty
Package: ifxetex 2010/09/12 v0.6 Provides ifxetex conditional
)
(/usr/share/texlive/texmf-dist/tex/latex/oberdiek/auxhook.sty
Package: auxhook 2011/03/04 v1.3 Hooks for auxiliary files (HO)
)
(/usr/share/texlive/texmf-dist/tex/latex/oberdiek/kvoptions.sty
Package: kvoptions 2011/06/30 v3.11 Key value format for package options (HO)
)
\@linkdim=\dimen130
\Hy@linkcounter=\count102
\Hy@pagecounter=\count103

(/usr/share/texlive/texmf-dist/tex/latex/hyperref/pd1enc.def
File: pd1enc.def 2012/11/06 v6.83m Hyperref: PDFDocEncoding definition (HO)
)
\Hy@SavedSpaceFactor=\count104

(/usr/share/texlive/texmf-dist/tex/latex/latexconfig/hyperref.cfg
File: hyperref.cfg 2002/06/06 v1.2 hyperref configuration of TeXLive
)
Package hyperref Info: Option `bookmarks' set `true' on input line 4319.
Package hyperref Info: Option `bookmarksnumbered' set `true' on input line 4319
.


Package hyperref Warning: Token not allowed in a PDF string (PDFDocEncoding):
(hyperref)                removing `\unhbox' on input line 4319.


Package hyperref Warning: Token not allowed in a PDF string (PDFDocEncoding):
(hyperref)                removing `\voidb@x' on input line 4319.

Package hyperref Info: Hyper figures OFF on input line 4443.
Package hyperref Info: Link nesting OFF on input line 4448.
Package hyperref Info: Hyper index ON on input line 4451.
Package hyperref Info: Plain pages OFF on input line 4458.
Package hyperref Info: Backreferencing OFF on input line 4463.
Package hyperref Info: Implicit mode ON; LaTeX internals redefined.
Package hyperref Info: Bookmarks ON on input line 4688.
\c@Hy@tempcnt=\count105
(/usr/share/texlive/texmf-dist/tex/latex/url/url.sty
\Urlmuskip=\muskip11
Package: url 2013/09/16  ver 3.4  Verb mode for urls, etc.
)
LaTeX Info: Redefining \url on input line 5041.
\XeTeXLinkMargin=\dimen131
\Fld@menulength=\count106
\Field@Width=\dimen132
\Fld@charsize=\dimen133
Package hyperref Info: Hyper figures OFF on input line 6295.
Package hyperref Info: Link nesting OFF on input line 6300.
Package hyperref Info: Hyper index ON on input line 6303.
Package hyperref Info: backreferencing OFF on input line 6310.
Package hyperref Info: Link coloring OFF on input line 6315.
Package hyperref Info: Link coloring with OCG OFF on input line 6320.
Package hyperref Info: PDF/A mode OFF on input line 6325.
LaTeX Info: Redefining \ref on input line 6365.
LaTeX Info: Redefining \pageref on input line 6369.
\Hy@abspage=\count107
\c@Item=\count108
\c@Hfootnote=\count109
)

Package hyperref Message: Driver: hdvipdfm.

(/usr/share/texlive/texmf-dist/tex/latex/hyperref/hdvipdfm.def
File: hdvipdfm.def 2012/11/06 v6.83m Hyperref driver for dvipdfm
\pdfm@box=\box43
\c@Hy@AnnotLevel=\count110
\HyField@AnnotCount=\count111
\Fld@listcount=\count112
\c@bookmark@seq@number=\count113

(/usr/share/texlive/texmf-dist/tex/latex/oberdiek/rerunfilecheck.sty
Package: rerunfilecheck 2011/04/15 v1.7 Rerun checks for auxiliary files (HO)
Package rerunfilecheck Info: Feature \pdfmdfivesum is not available
(rerunfilecheck)             (e.g. pdfTeX or LuaTeX with package `pdftexcmds').

(rerunfilecheck)             Therefore file contents cannot be checked efficien
tly
(rerunfilecheck)             and the loading of the package is aborted.
)
\Hy@SectionHShift=\skip46
)
(./macros.tex) (./def.tex) (./main.aux

LaTeX Warning: Label `sec:ANALYSIS_FIXED' multiply defined.


LaTeX Warning: Label `Sone2015a' multiply defined.


LaTeX Warning: Label `Sone2015f' multiply defined.

)
\openout1 = `main.aux'.

LaTeX Font Info:    Checking defaults for OML/cmm/m/it on input line 54.
LaTeX Font Info:    ... okay on input line 54.
LaTeX Font Info:    Checking defaults for T1/cmr/m/n on input line 54.
LaTeX Font Info:    ... okay on input line 54.
LaTeX Font Info:    Checking defaults for OT1/cmr/m/n on input line 54.
LaTeX Font Info:    ... okay on input line 54.
LaTeX Font Info:    Checking defaults for OMS/cmsy/m/n on input line 54.
LaTeX Font Info:    ... okay on input line 54.
LaTeX Font Info:    Checking defaults for OMX/cmex/m/n on input line 54.
LaTeX Font Info:    ... okay on input line 54.
LaTeX Font Info:    Checking defaults for U/cmr/m/n on input line 54.
LaTeX Font Info:    ... okay on input line 54.
LaTeX Font Info:    Checking defaults for JY1/mc/m/n on input line 54.
LaTeX Font Info:    ... okay on input line 54.
LaTeX Font Info:    Checking defaults for JT1/mc/m/n on input line 54.
LaTeX Font Info:    ... okay on input line 54.
LaTeX Font Info:    Checking defaults for PD1/pdf/m/n on input line 54.
LaTeX Font Info:    ... okay on input line 54.
\AtBeginShipoutBox=\box44
Package hyperref Info: Link coloring OFF on input line 54.
 (/usr/share/texlive/texmf-dist/tex/latex/hyperref/nameref.sty
Package: nameref 2012/10/27 v2.43 Cross-referencing by name of section

(/usr/share/texlive/texmf-dist/tex/generic/oberdiek/gettitlestring.sty
Package: gettitlestring 2010/12/03 v1.4 Cleanup title references (HO)
)
\c@section@level=\count114
)
LaTeX Info: Redefining \ref on input line 54.
LaTeX Info: Redefining \pageref on input line 54.
LaTeX Info: Redefining \nameref on input line 54.

(./main.out) (./main.out)
\@outlinefile=\write3
\openout3 = `main.out'.

LaTeX Font Info:    Font shape `JT1/mc/bx/n' in size <20.74> not available
(Font)              Font shape `JT1/gt/m/n' tried instead on input line 61.
LaTeX Font Info:    Font shape `JY1/mc/bx/n' in size <20.74> not available
(Font)              Font shape `JY1/gt/m/n' tried instead on input line 61.
LaTeX Font Info:    Try loading font information for U+msa on input line 61.

(/usr/share/texlive/texmf-dist/tex/latex/amsfonts/umsa.fd
File: umsa.fd 2013/01/14 v3.01 AMS symbols A
)
LaTeX Font Info:    Try loading font information for U+msb on input line 61.

(/usr/share/texlive/texmf-dist/tex/latex/amsfonts/umsb.fd
File: umsb.fd 2013/01/14 v3.01 AMS symbols B
)
LaTeX Font Info:    Font shape `JT1/mc/bx/n' in size <14.4> not available
(Font)              Font shape `JT1/gt/m/n' tried instead on input line 61.
LaTeX Font Info:    Font shape `JY1/mc/bx/n' in size <14.4> not available
(Font)              Font shape `JY1/gt/m/n' tried instead on input line 61.
 [1


]
LaTeX Font Info:    Font shape `JT1/mc/bx/n' in size <24.88> not available
(Font)              Font shape `JT1/gt/m/n' tried instead on input line 76.
LaTeX Font Info:    Font shape `JY1/mc/bx/n' in size <24.88> not available
(Font)              Font shape `JY1/gt/m/n' tried instead on input line 76.
 (./main.toc
LaTeX Font Info:    Font shape `JT1/mc/bx/n' in size <12> not available
(Font)              Font shape `JT1/gt/m/n' tried instead on input line 1.
LaTeX Font Info:    Font shape `JY1/mc/bx/n' in size <12> not available
(Font)              Font shape `JY1/gt/m/n' tried instead on input line 1.

[1

]

LaTeX Font Warning: Font shape `JT1/mc/m/sl' undefined
(Font)              using `JT1/mc/m/n' instead on input line 49.


LaTeX Font Warning: Font shape `JY1/mc/m/sl' undefined
(Font)              using `JY1/mc/m/n' instead on input line 49.

[2] [3])
\tf@toc=\write4
\openout4 = `main.toc'.

 [4] (./main.lof
LaTeX Font Info:    Try loading font information for OMS+cmr on input line 2.

(/usr/share/texlive/texmf-dist/tex/latex/base/omscmr.fd
File: omscmr.fd 1999/05/25 v2.5h Standard LaTeX font definitions
)
LaTeX Font Info:    Font shape `OMS/cmr/m/n' in size <12> not available
(Font)              Font shape `OMS/cmsy/m/n' tried instead on input line 2.

Underfull \vbox (badness 4634) has occurred while \output is active []

 [5

]
Overfull \hbox (24.8666pt too wide) in paragraph at lines 14--14
 [][] [][]\OT1/cmr/m/n/12 Simulation re-sult un-der the satel-lite ob-ser-va-ti
on mis-sion (Fig. 4.3 (a)).[] []  
 []


Overfull \hbox (3.03348pt too wide) in paragraph at lines 15--15
 [][] [][]\OT1/cmr/m/n/12 Simulation re-sult un-der the in-spec-tion of own-sat
ellite mounted 
 []


Overfull \hbox (0.94461pt too wide) in paragraph at lines 17--17
 [][] [][]\OT1/cmr/m/n/12 Simulation re-sults un-der the damped least-squares i
n-verse with 
 []


Overfull \hbox (17.89629pt too wide) in paragraph at lines 29--29
 \OT1/cmr/m/n/12 (\OML/cmm/m/it/12 ^^R[]; ^^R[]\OT1/cmr/m/n/12 ) = (\OMS/cmsy/m
/n/12 ^^@\OT1/cmr/m/n/12 3\OML/cmm/m/it/12 :\OT1/cmr/m/n/12 05\OML/cmm/m/it/12 
; \OT1/cmr/m/n/12 0\OML/cmm/m/it/12 :\OT1/cmr/m/n/12 403)[]$ and (b) near the s
in-gu-lar-ity $(\OML/cmm/m/it/12 ^^R[]; ^^R[]\OT1/cmr/m/n/12 ) = 
 []


Underfull \vbox (badness 3792) has occurred while \output is active []

 [6])
\tf@lof=\write5
\openout5 = `main.lof'.


[7] [8] (./main.lot)
\tf@lot=\write6
\openout6 = `main.lot'.

 [9

] [10

]
Chapter 1.
(./chapter1.tex
LaTeX Font Info:    Font shape `JT1/mc/bx/n' in size <17.28> not available
(Font)              Font shape `JT1/gt/m/n' tried instead on input line 11.
LaTeX Font Info:    Font shape `JY1/mc/bx/n' in size <17.28> not available
(Font)              Font shape `JY1/gt/m/n' tried instead on input line 11.
File: fig/chapter1/canadarm.eps Graphic file (type eps)
 <fig/chapter1/canadarm.eps>
File: fig/chapter1/canadarm2.eps Graphic file (type eps)
 <fig/chapter1/canadarm2.eps>
File: fig/chapter1/JEMRMS.eps Graphic file (type eps)

<fig/chapter1/JEMRMS.eps>
File: fig/chapter1/ETSVII.eps Graphic file (type eps)
 <fig/chapter1/ETSVII.eps>

LaTeX Font Warning: Font shape `JT1/mc/m/it' undefined
(Font)              using `JT1/mc/m/n' instead on input line 48.


LaTeX Font Warning: Font shape `JY1/mc/m/it' undefined
(Font)              using `JY1/mc/m/n' instead on input line 48.

[11]
Underfull \vbox (badness 5607) has occurred while \output is active []

 [12]
[13] [14]
Underfull \vbox (badness 10000) has occurred while \output is active []

 [15]
[16] [17]
Underfull \vbox (badness 3815) has occurred while \output is active []

 [18]
[19]
Underfull \vbox (badness 2237) has occurred while \output is active []

 [20])
[21] [22

]
Chapter 2.
(./chapter2.tex
File: fig/chapter2/FFSM.eps Graphic file (type eps)
 <fig/chapter2/FFSM.eps> [23] [24]
Overfull \hbox (4.92432pt too wide) in paragraph at lines 137--149
\OT1/cmr/m/n/12 in-er-tia ma-trix; $\OML/cmm/b/it/12 M[]$ \OT1/cmr/m/n/12 is th
e in-er-tia ma-trix of the sys-tem re-garded as a Composite-
 []

[25] [26]
Overfull \hbox (6.24742pt too wide) in paragraph at lines 244--246
[]\OT1/cmr/m/n/12 Equation ([]2.18[]) rep-re-sents the dy-nam-ics of the com-po
s-ite rigid-body (CRB);
 []

[27] [28]
File: fig/chapter2/rotation.eps Graphic file (type eps)
 <fig/chapter2/rotation.eps> [29]
Underfull \vbox (badness 10000) has occurred while \output is active []

 [30]
[31] [32]) [33] [34

] [35] [36]
Chapter 3.
(./chapter3.tex [37

]
File: fig/chapter3/planar/FF2RModel.eps Graphic file (type eps)
 <fig/chapter3/planar/FF2RModel.eps>
File: fig/chapter3/planar/vectorField.eps Graphic file (type eps)

<fig/chapter3/planar/vectorField.eps>
Overfull \hbox (8.46265pt too wide) has occurred while \output is active
\OT1/cmr/m/n/12 38 \OT1/cmr/m/sl/12 CHAPTER 3.  REVIEW OF REACTIONLESS MOTION A
ND ANALYSIS
 []

[38] [39]
Overfull \hbox (8.46265pt too wide) has occurred while \output is active
\OT1/cmr/m/n/12 40 \OT1/cmr/m/sl/12 CHAPTER 3.  REVIEW OF REACTIONLESS MOTION A
ND ANALYSIS
 []

[40]
File: fig/chapter3/planar/0.5.eps Graphic file (type eps)
 <fig/chapter3/planar/0.5.eps>
File: fig/chapter3/planar/0.945.eps Graphic file (type eps)
 <fig/chapter3/planar/0.945.eps>
File: fig/chapter3/planar/1.5.eps Graphic file (type eps)

<fig/chapter3/planar/1.5.eps>
File: fig/chapter3/planar/0.5_nullclines.eps Graphic file (type eps)
 <fig/chapter3/planar/0.5_nullclines.eps>
File: fig/chapter3/planar/0.945_nullclines.eps Graphic file (type eps)

<fig/chapter3/planar/0.945_nullclines.eps>
File: fig/chapter3/planar/1.5_nullclines.eps Graphic file (type eps)

<fig/chapter3/planar/1.5_nullclines.eps>
Underfull \vbox (badness 5548) has occurred while \output is active []

 [41]
File: fig/chapter3/planar/determinant.eps Graphic file (type eps)

<fig/chapter3/planar/determinant.eps>
File: fig/chapter3/planar/com.eps Graphic file (type eps)
 <fig/chapter3/planar/com.eps>
Overfull \hbox (8.46265pt too wide) has occurred while \output is active
\OT1/cmr/m/n/12 42 \OT1/cmr/m/sl/12 CHAPTER 3.  REVIEW OF REACTIONLESS MOTION A
ND ANALYSIS
 []

[42]) [43] [44

]
Chapter 4.
(./chapter4.tex
File: fig/chapter4/init.eps Graphic file (type eps)
 <fig/chapter4/init.eps>
File: fig/chapter4/typeA_7R.eps Graphic file (type eps)
 <fig/chapter4/typeA_7R.eps> [45]
[46]
File: fig/chapter4/spatial/WS.eps Graphic file (type eps)
 <fig/chapter4/spatial/WS.eps>
File: fig/chapter4/spatial/PS.eps Graphic file (type eps)
 <fig/chapter4/spatial/PS.eps> [47] [48]
File: fig/chapter4/inspection/observation.eps Graphic file (type eps)

<fig/chapter4/inspection/observation.eps>
File: fig/chapter4/inspection/inspection.eps Graphic file (type eps)

<fig/chapter4/inspection/inspection.eps> [49] [50]
File: fig/chapter4/inspection/case1/RL-M/U01_joint_velo.eps Graphic file (type 
eps)

<fig/chapter4/inspection/case1/RL-M/U01_joint_velo.eps>
File: fig/chapter4/inspection/case1/CONV/U01_joint_velo.eps Graphic file (type 
eps)

<fig/chapter4/inspection/case1/CONV/U01_joint_velo.eps>
File: fig/chapter4/inspection/case1/RL-M/U12_rotation_angle.eps Graphic file (t
ype eps)

<fig/chapter4/inspection/case1/RL-M/U12_rotation_angle.eps>
File: fig/chapter4/inspection/case1/CONV/U12_rotation_angle.eps Graphic file (t
ype eps)

<fig/chapter4/inspection/case1/CONV/U12_rotation_angle.eps>
File: fig/chapter4/inspection/case1/RL-M/X02_Base_Orientation.eps Graphic file 
(type eps)

<fig/chapter4/inspection/case1/RL-M/X02_Base_Orientation.eps>
File: fig/chapter4/inspection/case1/CONV/X02_Base_Orientation.eps Graphic file 
(type eps)

<fig/chapter4/inspection/case1/CONV/X02_Base_Orientation.eps>
Underfull \hbox (badness 1571) in paragraph at lines 328--328
[]\OT1/cmr/m/n/12 Fig.  4.4: []Simulation re-sult un-der the satel-lite ob-ser-
va-tion mis-sion
 []

[51]
Underfull \vbox (badness 10000) has occurred while \output is active []

 [52]
File: fig/chapter4/inspection/case2/RL-M/U01_joint_velo.eps Graphic file (type 
eps)

<fig/chapter4/inspection/case2/RL-M/U01_joint_velo.eps>
File: fig/chapter4/inspection/case2/CONV/U01_joint_velo.eps Graphic file (type 
eps)

<fig/chapter4/inspection/case2/CONV/U01_joint_velo.eps>
File: fig/chapter4/inspection/case2/RL-M/U13_wrist_deflection.eps Graphic file 
(type eps)

<fig/chapter4/inspection/case2/RL-M/U13_wrist_deflection.eps>
File: fig/chapter4/inspection/case2/CONV/X02_Base_Orientation.eps Graphic file 
(type eps)

<fig/chapter4/inspection/case2/CONV/X02_Base_Orientation.eps> [53] [54]
File: fig/chapter4/inspection/singularity/SAMPLE/U01_joint_velo.eps Graphic fil
e (type eps)

<fig/chapter4/inspection/singularity/SAMPLE/U01_joint_velo.eps>
File: fig/chapter4/inspection/singularity/SAMPLE/U16_determinant_Gw.eps Graphic
 file (type eps)

<fig/chapter4/inspection/singularity/SAMPLE/U16_determinant_Gw.eps>
File: fig/chapter4/inspection/singularity/SAMPLE/U14_determinant_Jw.eps Graphic
 file (type eps)

<fig/chapter4/inspection/singularity/SAMPLE/U14_determinant_Jw.eps>
File: fig/chapter4/inspection/singularity/SAMPLE/U15_determinant_Mwm.eps Graphi
c file (type eps)

<fig/chapter4/inspection/singularity/SAMPLE/U15_determinant_Mwm.eps> [55]
[56]
File: fig/chapter4/inspection/singularity/DLS/U01_joint_velo.eps Graphic file (
type eps)
 <fig/chapter4/inspection/singularity/DLS/U01_joint_velo.eps>
File: fig/chapter4/inspection/singularity/DLS/U20_EE_vel_error.eps Graphic file
 (type eps)

<fig/chapter4/inspection/singularity/DLS/U20_EE_vel_error.eps>
File: fig/chapter4/inspection/singularity/DLS/U16_determinant_Gw.eps Graphic fi
le (type eps)

<fig/chapter4/inspection/singularity/DLS/U16_determinant_Gw.eps>
File: fig/chapter4/inspection/singularity/DLS/U18_minimal_singular_value.eps Gr
aphic file (type eps)

<fig/chapter4/inspection/singularity/DLS/U18_minimal_singular_value.eps>
File: fig/chapter4/inspection/singularity/DLS/U19_interpolation.eps Graphic fil
e (type eps)

<fig/chapter4/inspection/singularity/DLS/U19_interpolation.eps>
File: fig/chapter4/inspection/singularity/DLS/X02_Base_Orientation.eps Graphic 
file (type eps)

<fig/chapter4/inspection/singularity/DLS/X02_Base_Orientation.eps> [57]
[58] [59]
File: fig/chapter4/inspection/singularity/SC/U01_joint_velo.eps Graphic file (t
ype eps)
 <fig/chapter4/inspection/singularity/SC/U01_joint_velo.eps>
File: fig/chapter4/inspection/singularity/SC/U08_end_tip_ang_vel.eps Graphic fi
le (type eps)

<fig/chapter4/inspection/singularity/SC/U08_end_tip_ang_vel.eps>
File: fig/chapter4/inspection/singularity/SC/U16_determinant_Gw.eps Graphic fil
e (type eps)

<fig/chapter4/inspection/singularity/SC/U16_determinant_Gw.eps>
File: fig/chapter4/inspection/singularity/SC/X02_Base_Orientation.eps Graphic f
ile (type eps)

<fig/chapter4/inspection/singularity/SC/X02_Base_Orientation.eps> [60]
File: fig/chapter4/PTP/motion.eps Graphic file (type eps)

<fig/chapter4/PTP/motion.eps> [61]
File: fig/chapter4/PTP/3phase/U01_joint_velo_1-4.eps Graphic file (type eps)

<fig/chapter4/PTP/3phase/U01_joint_velo_1-4.eps>
File: fig/chapter4/PTP/3phase/U04_coup_ang_mom.eps Graphic file (type eps)

<fig/chapter4/PTP/3phase/U04_coup_ang_mom.eps> [62]
File: fig/chapter4/PTP/phase1.eps Graphic file (type eps)

<fig/chapter4/PTP/phase1.eps>
File: fig/chapter4/PTP/phase2.eps Graphic file (type eps)
 <fig/chapter4/PTP/phase2.eps>
File: fig/chapter4/PTP/phase3.eps Graphic file (type eps)

<fig/chapter4/PTP/phase3.eps> [63]
File: fig/chapter4/PTP/3phase/X02_Base_Orientation.eps Graphic file (type eps)

<fig/chapter4/PTP/3phase/X02_Base_Orientation.eps>
File: fig/chapter4/PTP/JS-C/X02_Base_Orientation.eps Graphic file (type eps)

<fig/chapter4/PTP/JS-C/X02_Base_Orientation.eps>
File: fig/chapter4/PTP/IJ-C/X02_Base_Orientation.eps Graphic file (type eps)

<fig/chapter4/PTP/IJ-C/X02_Base_Orientation.eps>
File: fig/chapter4/PTP/TJ-C/X02_Base_Orientation.eps Graphic file (type eps)

<fig/chapter4/PTP/TJ-C/X02_Base_Orientation.eps>
Underfull \vbox (badness 10000) has occurred while \output is active []

 [64]
Underfull \vbox (badness 10000) has occurred while \output is active []

 [65]
File: fig/chapter4/deployment/01.eps Graphic file (type eps)

<fig/chapter4/deployment/01.eps>
File: fig/chapter4/deployment/02.eps Graphic file (type eps)
 <fig/chapter4/deployment/02.eps>
File: fig/chapter4/deployment/03.eps Graphic file (type eps)

<fig/chapter4/deployment/03.eps>
File: fig/chapter4/deployment/04.eps Graphic file (type eps)
 <fig/chapter4/deployment/04.eps>
File: fig/chapter4/deployment/05.eps Graphic file (type eps)

<fig/chapter4/deployment/05.eps>
File: fig/chapter4/deployment/06.eps Graphic file (type eps)
 <fig/chapter4/deployment/06.eps> [66] [67]
File: fig/chapter4/deployment/partial/rls/01.eps Graphic file (type eps)

<fig/chapter4/deployment/partial/rls/01.eps>
File: fig/chapter4/deployment/partial/rls/02.eps Graphic file (type eps)

<fig/chapter4/deployment/partial/rls/02.eps>
File: fig/chapter4/deployment/partial/rls/03.eps Graphic file (type eps)

<fig/chapter4/deployment/partial/rls/03.eps>
File: fig/chapter4/deployment/partial/rls/04.eps Graphic file (type eps)

<fig/chapter4/deployment/partial/rls/04.eps>
File: fig/chapter4/deployment/partial/rls/05.eps Graphic file (type eps)

<fig/chapter4/deployment/partial/rls/05.eps>
File: fig/chapter4/deployment/partial/rls/06.eps Graphic file (type eps)

<fig/chapter4/deployment/partial/rls/06.eps>
File: fig/chapter4/deployment/partial/conv/01.eps Graphic file (type eps)

<fig/chapter4/deployment/partial/conv/01.eps>
File: fig/chapter4/deployment/partial/conv/02.eps Graphic file (type eps)

<fig/chapter4/deployment/partial/conv/02.eps>
File: fig/chapter4/deployment/partial/conv/03.eps Graphic file (type eps)

<fig/chapter4/deployment/partial/conv/03.eps>
File: fig/chapter4/deployment/partial/conv/04.eps Graphic file (type eps)

<fig/chapter4/deployment/partial/conv/04.eps>
File: fig/chapter4/deployment/partial/conv/05.eps Graphic file (type eps)

<fig/chapter4/deployment/partial/conv/05.eps>
File: fig/chapter4/deployment/partial/conv/06.eps Graphic file (type eps)

<fig/chapter4/deployment/partial/conv/06.eps>) [68] [69] [70

]
Chapter 5.
(./chapter5.tex [71] [72]
File: fig/chapter5/analysis/err.eps Graphic file (type eps)
 <fig/chapter5/analysis/err.eps>
File: fig/chapter5/analysis/err_2d.eps Graphic file (type eps)

<fig/chapter5/analysis/err_2d.eps> [73]
File: fig/chapter5/analysis/parameter.eps Graphic file (type eps)
 <fig/chapter5/analysis/parameter.eps>
[74]
File: fig/chapter5/analysis/err-3.05183_0.403919.eps Graphic file (type eps)
 <fig/chapter5/analysis/err-3.05183_0.403919.eps>
File: fig/chapter5/analysis/err-3.14159_0.eps Graphic file (type eps)

<fig/chapter5/analysis/err-3.14159_0.eps> [75]
Underfull \vbox (badness 10000) has occurred while \output is active []

 [76]
[77]
File: fig/chapter5/comparison/energy.eps Graphic file (type eps)
 <fig/chapter5/comparison/energy.eps>
File: fig/chapter5/comparison/RL-M/RNS_U10_partial_kinetic_energy.eps Graphic f
ile (type eps)

<fig/chapter5/comparison/RL-M/RNS_U10_partial_kinetic_energy.eps>
File: fig/chapter5/comparison/RW-M/RNS_U10_partial_kinetic_energy.eps Graphic f
ile (type eps)

<fig/chapter5/comparison/RW-M/RNS_U10_partial_kinetic_energy.eps>
File: fig/chapter5/comparison/torque.eps Graphic file (type eps)

<fig/chapter5/comparison/torque.eps>
File: fig/chapter5/comparison/RL-M/RNS_U03_reaction_wheel_torque.eps Graphic fi
le (type eps)

<fig/chapter5/comparison/RL-M/RNS_U03_reaction_wheel_torque.eps>
File: fig/chapter5/comparison/RW-M/RNS_U03_reaction_wheel_torque.eps Graphic fi
le (type eps)

<fig/chapter5/comparison/RW-M/RNS_U03_reaction_wheel_torque.eps> [78]
File: fig/chapter5/comparison/comp.eps Graphic file (type eps)

<fig/chapter5/comparison/comp.eps>
File: fig/chapter5/comparison/01_maximum.eps Graphic file (type eps)
 <fig/chapter5/comparison/01_maximum.eps>
File: fig/chapter5/comparison/02_integral.eps Graphic file (type eps)

<fig/chapter5/comparison/02_integral.eps> [79] [80]) [81] [82

] [83] [84]
Chapter 6.
(./chapter6.tex
File: fig/chapter6/models.eps Graphic file (type eps)
 <fig/chapter6/models.eps> [85

] [86] [87] [88] [89] [90]
[91]
File: fig/chapter6/3Rmani.eps Graphic file (type eps)
 <fig/chapter6/3Rmani.eps> [92] [93]
File: fig/chapter6/results/planar/RNS/3RFIX_RNS_U06_pos_err.eps Graphic file (t
ype eps)

<fig/chapter6/results/planar/RNS/3RFIX_RNS_U06_pos_err.eps>
File: fig/chapter6/results/planar/OSF/3RFIX_OSF_U06_pos_err.eps Graphic file (t
ype eps)

<fig/chapter6/results/planar/OSF/3RFIX_OSF_U06_pos_err.eps>
File: fig/chapter6/results/planar/RNS/3RFIX_RNS_U08_force_err.eps Graphic file 
(type eps)

<fig/chapter6/results/planar/RNS/3RFIX_RNS_U08_force_err.eps>
File: fig/chapter6/results/planar/OSF/3RFIX_OSF_U08_force_err.eps Graphic file 
(type eps)

<fig/chapter6/results/planar/OSF/3RFIX_OSF_U08_force_err.eps> [94]
File: fig/chapter6/results/planar/RNS/3RFIX_RNS_X02_Joint_velo.eps Graphic file
 (type eps)

<fig/chapter6/results/planar/RNS/3RFIX_RNS_X02_Joint_velo.eps>
File: fig/chapter6/results/planar/OSF/3RFIX_RNS_X02_Joint_velo.eps Graphic file
 (type eps)

<fig/chapter6/results/planar/OSF/3RFIX_RNS_X02_Joint_velo.eps>
File: fig/chapter6/results/planar/RNS/3RFIX_RNS_U01_torque.eps Graphic file (ty
pe eps)

<fig/chapter6/results/planar/RNS/3RFIX_RNS_U01_torque.eps>
File: fig/chapter6/results/planar/OSF/3RFIX_OSF_U01_torque.eps Graphic file (ty
pe eps)

<fig/chapter6/results/planar/OSF/3RFIX_OSF_U01_torque.eps> [95] [96]
File: fig/chapter6/results/spatial/model2.eps Graphic file (type eps)

<fig/chapter6/results/spatial/model2.eps>
File: fig/chapter6/results/spatial/control_model_3.eps Graphic file (type eps)

<fig/chapter6/results/spatial/control_model_3.eps>
File: fig/chapter6/results/spatial/10000.eps Graphic file (type eps)

<fig/chapter6/results/spatial/10000.eps> [97]
File: fig/chapter6/results/spatial/RNS/RNS_U02_pos_err.eps Graphic file (type e
ps)

<fig/chapter6/results/spatial/RNS/RNS_U02_pos_err.eps>
File: fig/chapter6/results/spatial/OSF/OSF_U02_pos_err.eps Graphic file (type e
ps)

<fig/chapter6/results/spatial/OSF/OSF_U02_pos_err.eps>
File: fig/chapter6/results/spatial/RNS/RNS_U06_force_error.eps Graphic file (ty
pe eps)

<fig/chapter6/results/spatial/RNS/RNS_U06_force_error.eps>
File: fig/chapter6/results/spatial/OSF/OSF_U06_force_error.eps Graphic file (ty
pe eps)

<fig/chapter6/results/spatial/OSF/OSF_U06_force_error.eps>
File: fig/chapter6/results/spatial/RNS/RNS_X03_Joint_velocity.eps Graphic file 
(type eps)

<fig/chapter6/results/spatial/RNS/RNS_X03_Joint_velocity.eps>
File: fig/chapter6/results/spatial/OSF/OSF_X03_Joint_velocity.eps Graphic file 
(type eps)

<fig/chapter6/results/spatial/OSF/OSF_X03_Joint_velocity.eps>
File: fig/chapter6/results/spatial/RNS/RNS_U01_joint_torque_1-4.eps Graphic fil
e (type eps)

<fig/chapter6/results/spatial/RNS/RNS_U01_joint_torque_1-4.eps>
File: fig/chapter6/results/spatial/OSF/OSF_U01_joint_torque_1-4.eps Graphic fil
e (type eps)

<fig/chapter6/results/spatial/OSF/OSF_U01_joint_torque_1-4.eps>
Underfull \vbox (badness 10000) has occurred while \output is active []

 [98])
Underfull \vbox (badness 10000) has occurred while \output is active []

 [99]
[100] [101] [102

]
Chapter 7.
(./chapter7.tex [103]
File: fig/chapter7/mass/planar/10.eps Graphic file (type eps)
 <fig/chapter7/mass/planar/10.eps>
File: fig/chapter7/mass/planar/100.eps Graphic file (type eps)

<fig/chapter7/mass/planar/100.eps>
File: fig/chapter7/mass/planar/1000.eps Graphic file (type eps)
 <fig/chapter7/mass/planar/1000.eps>
File: fig/chapter7/mass/planar/10_null.eps Graphic file (type eps)

<fig/chapter7/mass/planar/10_null.eps>
File: fig/chapter7/mass/planar/100_null.eps Graphic file (type eps)
 <fig/chapter7/mass/planar/100_null.eps>
File: fig/chapter7/mass/planar/1000_null.eps Graphic file (type eps)

<fig/chapter7/mass/planar/1000_null.eps> [104] [105]
File: fig/chapter7/mass/geo.eps Graphic file (type eps)

<fig/chapter7/mass/geo.eps> [106]
Underfull \vbox (badness 10000) has occurred while \output is active []

 [107]
File: fig/chapter7/mass/rms_planar.eps Graphic file (type eps)

<fig/chapter7/mass/rms_planar.eps>
Underfull \vbox (badness 10000) has occurred while \output is active []

 [108]
Underfull \vbox (badness 7504) has occurred while \output is active []

 [109]
[110]
File: fig/chapter7/stabilize/nullspace.eps Graphic file (type eps)
 <fig/chapter7/stabilize/nullspace.eps> [111]) [112]
Chapter 8.
(./conclusion.tex [113

]
Underfull \vbox (badness 10000) has occurred while \output is active []


Overfull \hbox (20.87494pt too wide) has occurred while \output is active
\OT1/cmr/m/n/12 114 \OT1/cmr/m/sl/12 CHAPTER 8.  CONCLUSIONS AND FUTURE RESEARC
H DIRECTIONS
 []

[114]) [115] [116

] (./acknowledgment.tex) [117] [118

] (./ref.tex (./main.bbl

LaTeX Font Warning: Font shape `JT1/gt/m/it' undefined
(Font)              using `JT1/gt/m/n' instead on input line 27.


LaTeX Font Warning: Font shape `JY1/gt/m/it' undefined
(Font)              using `JY1/gt/m/n' instead on input line 27.

[119] [120] [121] [122] [123] [124] [125]
Underfull \hbox (badness 1371) in paragraph at lines 322--326
[]\OT1/cmr/m/n/12 K. Yoshida, D. Nenchev, P. Vi-chitkul-sawat, H. Kobayashi, an
d
 []

[126] [127])) [128] (./result.tex [129

]) [130]
Appendix A.
(./appendix/spatialMomentum.tex [131

] [132] [133] [134])
Package atveryend Info: Empty hook `BeforeClearDocument' on input line 142.
 [135]
Package atveryend Info: Empty hook `AfterLastShipout' on input line 142.
 (./main.aux)
Package atveryend Info: Empty hook `AtVeryEndDocument' on input line 142.
Package atveryend Info: Empty hook `AtEndAfterFileList' on input line 142.


LaTeX Font Warning: Some font shapes were not available, defaults substituted.


LaTeX Warning: There were multiply-defined labels.

Package atveryend Info: Empty hook `AtVeryVeryEnd' on input line 142.
 ) 
Here is how much of TeX's memory you used:
 6270 strings out of 495129
 92409 string characters out of 6182596
 190511 words of memory out of 5000000
 9384 multiletter control sequences out of 15000+600000
 30121 words of font info for 116 fonts, out of 8000000 for 9000
 80 hyphenation exceptions out of 8191
 29i,20n,30p,499b,509s stack positions out of 5000i,500n,10000p,200000b,80000s

Output written on main.dvi (136 pages, 385084 bytes).
